0 info it worked if it ends with ok
1 verbose cli [ '/usr/local/bin/node',
1 verbose cli   '/usr/local/bin/npm',
1 verbose cli   'install',
1 verbose cli   'sauce-connect',
1 verbose cli   '-g' ]
2 info using npm@3.10.3
3 info using node@v6.4.0
4 silly loadCurrentTree Starting
5 silly install loadCurrentTree
6 silly install readGlobalPackageData
7 silly fetchPackageMetaData sauce-connect
8 silly fetchNamedPackageData sauce-connect
9 silly mapToRegistry name sauce-connect
10 silly mapToRegistry using default registry
11 silly mapToRegistry registry https://registry.npmjs.org/
12 silly mapToRegistry data Result {
12 silly mapToRegistry   raw: 'sauce-connect',
12 silly mapToRegistry   scope: null,
12 silly mapToRegistry   escapedName: 'sauce-connect',
12 silly mapToRegistry   name: 'sauce-connect',
12 silly mapToRegistry   rawSpec: '',
12 silly mapToRegistry   spec: 'latest',
12 silly mapToRegistry   type: 'tag' }
13 silly mapToRegistry uri https://registry.npmjs.org/sauce-connect
14 verbose request uri https://registry.npmjs.org/sauce-connect
15 verbose request no auth needed
16 info attempt registry request try #1 at 15:23:45
17 verbose request id b768be7c0e27b03c
18 verbose etag "1GJNDIFMIN63O2VOMHEIR7M4M"
19 http request GET https://registry.npmjs.org/sauce-connect
20 http 304 https://registry.npmjs.org/sauce-connect
21 verbose headers { date: 'Thu, 15 Sep 2016 13:23:45 GMT',
21 verbose headers   via: '1.1 varnish',
21 verbose headers   'cache-control': 'max-age=300',
21 verbose headers   etag: '"1GJNDIFMIN63O2VOMHEIR7M4M"',
21 verbose headers   age: '15',
21 verbose headers   connection: 'keep-alive',
21 verbose headers   'x-served-by': 'cache-ams4143-AMS',
21 verbose headers   'x-cache': 'HIT',
21 verbose headers   'x-cache-hits': '1',
21 verbose headers   'x-timer': 'S1473945825.225130,VS0,VE0',
21 verbose headers   vary: 'Accept-Encoding' }
22 silly get cb [ 304,
22 silly get   { date: 'Thu, 15 Sep 2016 13:23:45 GMT',
22 silly get     via: '1.1 varnish',
22 silly get     'cache-control': 'max-age=300',
22 silly get     etag: '"1GJNDIFMIN63O2VOMHEIR7M4M"',
22 silly get     age: '15',
22 silly get     connection: 'keep-alive',
22 silly get     'x-served-by': 'cache-ams4143-AMS',
22 silly get     'x-cache': 'HIT',
22 silly get     'x-cache-hits': '1',
22 silly get     'x-timer': 'S1473945825.225130,VS0,VE0',
22 silly get     vary: 'Accept-Encoding' } ]
23 verbose etag https://registry.npmjs.org/sauce-connect from cache
24 verbose get saving sauce-connect to /home/maarten/.npm/registry.npmjs.org/sauce-connect/.cache.json
25 verbose correctMkdir /home/maarten/.npm correctMkdir not in flight; initializing
26 silly install normalizeTree
27 silly loadCurrentTree Finishing
28 silly loadIdealTree Starting
29 silly install loadIdealTree
30 silly cloneCurrentTree Starting
31 silly install cloneCurrentTreeToIdealTree
32 silly cloneCurrentTree Finishing
33 silly loadShrinkwrap Starting
34 silly install loadShrinkwrap
35 silly loadShrinkwrap Finishing
36 silly loadAllDepsIntoIdealTree Starting
37 silly install loadAllDepsIntoIdealTree
38 silly resolveWithNewModule sauce-connect@0.1.1 checking installable status
39 silly cache add args [ 'sauce-connect', null ]
40 verbose cache add spec sauce-connect
41 silly cache add parsed spec Result {
41 silly cache add   raw: 'sauce-connect',
41 silly cache add   scope: null,
41 silly cache add   escapedName: 'sauce-connect',
41 silly cache add   name: 'sauce-connect',
41 silly cache add   rawSpec: '',
41 silly cache add   spec: 'latest',
41 silly cache add   type: 'tag' }
42 silly addNamed sauce-connect@latest
43 verbose addNamed "latest" is being treated as a dist-tag for sauce-connect
44 info addNameTag [ 'sauce-connect', 'latest' ]
45 silly mapToRegistry name sauce-connect
46 silly mapToRegistry using default registry
47 silly mapToRegistry registry https://registry.npmjs.org/
48 silly mapToRegistry data Result {
48 silly mapToRegistry   raw: 'sauce-connect',
48 silly mapToRegistry   scope: null,
48 silly mapToRegistry   escapedName: 'sauce-connect',
48 silly mapToRegistry   name: 'sauce-connect',
48 silly mapToRegistry   rawSpec: '',
48 silly mapToRegistry   spec: 'latest',
48 silly mapToRegistry   type: 'tag' }
49 silly mapToRegistry uri https://registry.npmjs.org/sauce-connect
50 verbose addNameTag registry:https://registry.npmjs.org/sauce-connect not in flight; fetching
51 verbose get https://registry.npmjs.org/sauce-connect not expired, no request
52 silly addNameTag next cb for sauce-connect with tag latest
53 silly addNamed sauce-connect@0.1.1
54 verbose addNamed "0.1.1" is a plain semver version for sauce-connect
55 silly cache afterAdd sauce-connect@0.1.1
56 verbose afterAdd /home/maarten/.npm/sauce-connect/0.1.1/package/package.json not in flight; writing
57 verbose correctMkdir /home/maarten/.npm correctMkdir not in flight; initializing
58 verbose afterAdd /home/maarten/.npm/sauce-connect/0.1.1/package/package.json written
59 silly loadAllDepsIntoIdealTree Finishing
60 silly loadIdealTree Finishing
61 silly currentTree lib
62 silly idealTree lib
62 silly idealTree └── sauce-connect@0.1.1
63 silly generateActionsToTake Starting
64 silly install generateActionsToTake
65 silly generateActionsToTake Finishing
66 silly diffTrees action count 1
67 silly diffTrees add sauce-connect@0.1.1
68 silly decomposeActions action count 8
69 silly decomposeActions fetch sauce-connect@0.1.1
70 silly decomposeActions extract sauce-connect@0.1.1
71 silly decomposeActions test sauce-connect@0.1.1
72 silly decomposeActions preinstall sauce-connect@0.1.1
73 silly decomposeActions build sauce-connect@0.1.1
74 silly decomposeActions install sauce-connect@0.1.1
75 silly decomposeActions postinstall sauce-connect@0.1.1
76 silly decomposeActions finalize sauce-connect@0.1.1
77 silly executeActions Starting
78 silly install executeActions
79 silly doSerial global-install 0
80 silly doParallel fetch 1
81 verbose correctMkdir /home/maarten/.npm/_locks correctMkdir not in flight; initializing
82 verbose lock using /home/maarten/.npm/_locks/staging-3a08f0df5026584d.lock for /usr/local/lib/node_modules/.staging
83 silly doParallel extract 1
84 silly extract sauce-connect@0.1.1
85 verbose unbuild lib/node_modules/.staging/sauce-connect-c21e82d3
86 silly gentlyRm /usr/local/lib/node_modules/.staging/sauce-connect-c21e82d3 is being purged from base /usr/local
87 verbose gentlyRm don't care about contents; nuking /usr/local/lib/node_modules/.staging/sauce-connect-c21e82d3
88 verbose tar unpack /home/maarten/.npm/sauce-connect/0.1.1/package.tgz
89 verbose tar unpacking to /usr/local/lib/node_modules/.staging/sauce-connect-c21e82d3
90 silly gentlyRm /usr/local/lib/node_modules/.staging/sauce-connect-c21e82d3 is being purged
91 verbose gentlyRm don't care about contents; nuking /usr/local/lib/node_modules/.staging/sauce-connect-c21e82d3
92 silly gunzTarPerm modes [ '755', '644' ]
93 silly gunzTarPerm extractEntry package.json
94 silly gunzTarPerm extractEntry .npmignore
95 silly gunzTarPerm extractEntry README.md
96 silly gunzTarPerm extractEntry lib/sauce-connect.coffee
97 silly gunzTarPerm extractEntry Makefile
98 silly gentlyRm /usr/local/lib/node_modules/.staging/sauce-connect-c21e82d3/node_modules is being purged
99 verbose gentlyRm don't care about contents; nuking /usr/local/lib/node_modules/.staging/sauce-connect-c21e82d3/node_modules
100 silly doParallel preinstall 1
101 silly preinstall sauce-connect@0.1.1 /usr/local/lib/node_modules/.staging/sauce-connect-c21e82d3
102 info lifecycle sauce-connect@0.1.1~preinstall: sauce-connect@0.1.1
103 silly lifecycle sauce-connect@0.1.1~preinstall: no script for preinstall, continuing
104 silly doReverseSerial remove 0
105 silly doSerial move 0
106 silly doSerial finalize 1
107 silly finalize /usr/local/lib/node_modules/sauce-connect
108 silly doSerial build 1
109 silly build sauce-connect@0.1.1
110 info linkStuff sauce-connect@0.1.1
111 silly linkStuff sauce-connect@0.1.1 has /usr/local/lib/node_modules as its parent node_modules
112 silly linkStuff sauce-connect@0.1.1 is part of a global install
113 silly linkStuff sauce-connect@0.1.1 is installed into a global node_modules
114 silly linkStuff sauce-connect@0.1.1 is installed into the top-level global node_modules
115 verbose linkBins sauce-connect@0.1.1
116 verbose linkMans sauce-connect@0.1.1
117 silly doSerial global-link 0
118 silly doParallel update-linked 0
119 silly doSerial install 1
120 silly install sauce-connect@0.1.1 /usr/local/lib/node_modules/.staging/sauce-connect-c21e82d3
121 info lifecycle sauce-connect@0.1.1~install: sauce-connect@0.1.1
122 verbose lifecycle sauce-connect@0.1.1~install: unsafe-perm in lifecycle false
123 verbose lifecycle sauce-connect@0.1.1~install: PATH: /usr/local/lib/node_modules/npm/bin/node-gyp-bin:/usr/local/lib/node_modules/sauce-connect/node_modules/.bin:/usr/local/lib/node_modules/.bin:/usr/local/bin:/usr/local/bin:/usr/bin:/bin:/usr/sbin:/sbin:/usr/local/munki:/Applications/chromedriver:/usr/local/bin/chromedriver:/Applications/geckodriver:/usr/local/bin/geckodriver
124 verbose lifecycle sauce-connect@0.1.1~install: CWD: /usr/local/lib/node_modules/sauce-connect
125 silly lifecycle sauce-connect@0.1.1~install: Args: [ '-c', 'make install' ]
126 silly lifecycle sauce-connect@0.1.1~install: Returned: code: 2  signal: null
127 info lifecycle sauce-connect@0.1.1~install: Failed to exec install script
128 verbose unlock done using /home/maarten/.npm/_locks/staging-3a08f0df5026584d.lock for /usr/local/lib/node_modules/.staging
129 silly rollbackFailedOptional Starting
130 silly rollbackFailedOptional Finishing
131 silly runTopLevelLifecycles Starting
132 silly runTopLevelLifecycles Finishing
133 silly install printInstalled
134 verbose stack Error: sauce-connect@0.1.1 install: `make install`
134 verbose stack Exit status 2
134 verbose stack     at EventEmitter.<anonymous> (/usr/local/lib/node_modules/npm/lib/utils/lifecycle.js:242:16)
134 verbose stack     at emitTwo (events.js:106:13)
134 verbose stack     at EventEmitter.emit (events.js:191:7)
134 verbose stack     at ChildProcess.<anonymous> (/usr/local/lib/node_modules/npm/lib/utils/spawn.js:40:14)
134 verbose stack     at emitTwo (events.js:106:13)
134 verbose stack     at ChildProcess.emit (events.js:191:7)
134 verbose stack     at maybeClose (internal/child_process.js:852:16)
134 verbose stack     at Process.ChildProcess._handle.onexit (internal/child_process.js:215:5)
135 verbose pkgid sauce-connect@0.1.1
136 verbose cwd /Users/maarten/Documents/travisprojecttest
137 error Darwin 15.6.0
138 error argv "/usr/local/bin/node" "/usr/local/bin/npm" "install" "sauce-connect" "-g"
139 error node v6.4.0
140 error npm  v3.10.3
141 error code ELIFECYCLE
142 error sauce-connect@0.1.1 install: `make install`
142 error Exit status 2
143 error Failed at the sauce-connect@0.1.1 install script 'make install'.
143 error Make sure you have the latest version of node.js and npm installed.
143 error If you do, this is most likely a problem with the sauce-connect package,
143 error not with npm itself.
143 error Tell the author that this fails on your system:
143 error     make install
143 error You can get information on how to open an issue for this project with:
143 error     npm bugs sauce-connect
143 error Or if that isn't available, you can get their info via:
143 error     npm owner ls sauce-connect
143 error There is likely additional logging output above.
144 verbose exit [ 1, true ]
